{'game_name': 'olympics-running', 'algo': 'ppo', 'max_episodes': 1500, 'episode_length': 500, 'map': 10, 'shuffle_map': False, 'seed': 1, 'device': 'cpu', 'save_interval': 10, 'render': False, 'load_model': False, 'load_run': 2, 'load_episode': 900, 'run_dir': 'map10_use_dist'}
Total agent number: 2
Agent control by the actor: 1
Game board width: 700
Game board height: 700
action dimension: [[Box(-100.0, 200.0, (1,), float32), Box(-30.0, 30.0, (1,), float32)], [Box(-100.0, 200.0, (1,), float32), Box(-30.0, 30.0, (1,), float32)]]
observation dimension: 625
store in /mnt/lustre/sjtu/home/ywg12/remote/code/OlympicsProject/rl_trainer/models/olympics-running/ppo/map10_use_dist
Episode:  1 controlled agent:  1 ; Episode Return:  -1652.4163056034274 ; win rate(controlled & opponent):  0.00 1.00 ; Trained episode: 0
Episode:  2 controlled agent:  1 ; Episode Return:  -1610.7300141024123 ; win rate(controlled & opponent):  0.00 1.00 ; Trained episode: 0
Episode:  3 controlled agent:  1 ; Episode Return:  -1264.5706345359786 ; win rate(controlled & opponent):  0.33 0.67 ; Trained episode: 0
Episode:  4 controlled agent:  1 ; Episode Return:  -1132.3624817342645 ; win rate(controlled & opponent):  0.25 0.75 ; Trained episode: 1
Episode:  5 controlled agent:  1 ; Episode Return:  -1361.0731598529198 ; win rate(controlled & opponent):  0.40 0.60 ; Trained episode: 1
Episode:  6 controlled agent:  1 ; Episode Return:  -1246.0559159102172 ; win rate(controlled & opponent):  0.33 0.67 ; Trained episode: 2
Episode:  7 controlled agent:  1 ; Episode Return:  -1327.6589462905467 ; win rate(controlled & opponent):  0.43 0.57 ; Trained episode: 2
Episode:  8 controlled agent:  1 ; Episode Return:  -1228.215295476651 ; win rate(controlled & opponent):  0.50 0.50 ; Trained episode: 3
Episode:  9 controlled agent:  1 ; Episode Return:  -1412.7544007200524 ; win rate(controlled & opponent):  0.56 0.44 ; Trained episode: 4
Episode:  10 controlled agent:  1 ; Episode Return:  -1466.1025971044426 ; win rate(controlled & opponent):  0.60 0.40 ; Trained episode: 5
Episode:  11 controlled agent:  1 ; Episode Return:  -1507.1564209736055 ; win rate(controlled & opponent):  0.55 0.45 ; Trained episode: 6
Episode:  12 controlled agent:  1 ; Episode Return:  -1509.7544007200524 ; win rate(controlled & opponent):  0.50 0.50 ; Trained episode: 6
Episode:  13 controlled agent:  1 ; Episode Return:  -1649.0142853498744 ; win rate(controlled & opponent):  0.46 0.54 ; Trained episode: 6
Episode:  14 controlled agent:  1 ; Episode Return:  -1491.2691193458138 ; win rate(controlled & opponent):  0.43 0.57 ; Trained episode: 6
Episode:  15 controlled agent:  1 ; Episode Return:  -1419.4163056034274 ; win rate(controlled & opponent):  0.47 0.53 ; Trained episode: 6
Episode:  16 controlled agent:  1 ; Episode Return:  -1424.7838379715752 ; win rate(controlled & opponent):  0.44 0.56 ; Trained episode: 7
Episode:  17 controlled agent:  1 ; Episode Return:  -1147.7300141024123 ; win rate(controlled & opponent):  0.47 0.53 ; Trained episode: 7
Episode:  18 controlled agent:  1 ; Episode Return:  -1494.5878784786812 ; win rate(controlled & opponent):  0.44 0.56 ; Trained episode: 8
Episode:  19 controlled agent:  1 ; Episode Return:  -1397.4163056034274 ; win rate(controlled & opponent):  0.42 0.58 ; Trained episode: 8
Episode:  20 controlled agent:  1 ; Episode Return:  -1543.7422074112324 ; win rate(controlled & opponent):  0.40 0.60 ; Trained episode: 8
Episode:  21 controlled agent:  1 ; Episode Return:  -1491.7422074112324 ; win rate(controlled & opponent):  0.38 0.62 ; Trained episode: 8
Episode:  22 controlled agent:  1 ; Episode Return:  -1229.0731598529198 ; win rate(controlled & opponent):  0.41 0.59 ; Trained episode: 8
Episode:  23 controlled agent:  1 ; Episode Return:  -1204.9848480983517 ; win rate(controlled & opponent):  0.43 0.57 ; Trained episode: 9
Episode:  24 controlled agent:  1 ; Episode Return:  -1268.3401871576793 ; win rate(controlled & opponent):  0.42 0.58 ; Trained episode: 10
Episode:  25 controlled agent:  1 ; Episode Return:  -1272.4406922210676 ; win rate(controlled & opponent):  0.40 0.60 ; Trained episode: 10
Episode:  26 controlled agent:  1 ; Episode Return:  -1170.4579361637702 ; win rate(controlled & opponent):  0.38 0.62 ; Trained episode: 10
Episode:  27 controlled agent:  1 ; Episode Return:  -1663.6711395993668 ; win rate(controlled & opponent):  0.37 0.63 ; Trained episode: 10
Episode:  28 controlled agent:  1 ; Episode Return:  -835.4264068711927 ; win rate(controlled & opponent):  0.39 0.61 ; Trained episode: 10
Episode:  29 controlled agent:  1 ; Episode Return:  -1660.2569260369937 ; win rate(controlled & opponent):  0.38 0.62 ; Trained episode: 11
Episode:  30 controlled agent:  1 ; Episode Return:  -1139.1320343559653 ; win rate(controlled & opponent):  0.40 0.60 ; Trained episode: 11
Episode:  31 controlled agent:  1 ; Episode Return:  -1422.683332908187 ; win rate(controlled & opponent):  0.42 0.58 ; Trained episode: 12
Episode:  32 controlled agent:  1 ; Episode Return:  -1252.8010819142778 ; win rate(controlled & opponent):  0.44 0.56 ; Trained episode: 13
Episode:  33 controlled agent:  1 ; Episode Return:  -1250.7300141024123 ; win rate(controlled & opponent):  0.42 0.58 ; Trained episode: 14
Episode:  34 controlled agent:  1 ; Episode Return:  -1135.9310242291888 ; win rate(controlled & opponent):  0.44 0.56 ; Trained episode: 14
Episode:  35 controlled agent:  1 ; Episode Return:  -1576.9137802864861 ; win rate(controlled & opponent):  0.43 0.57 ; Trained episode: 15
Episode:  36 controlled agent:  1 ; Episode Return:  -1319.5828278447987 ; win rate(controlled & opponent):  0.42 0.58 ; Trained episode: 15
Episode:  37 controlled agent:  1 ; Episode Return:  -1276.5117600329331 ; win rate(controlled & opponent):  0.41 0.59 ; Trained episode: 15
Episode:  38 controlled agent:  1 ; Episode Return:  -1348.0559159102172 ; win rate(controlled & opponent):  0.39 0.61 ; Trained episode: 15
Episode:  39 controlled agent:  1 ; Episode Return:  -1462.2863632885164 ; win rate(controlled & opponent):  0.38 0.62 ; Trained episode: 15
Episode:  40 controlled agent:  1 ; Episode Return:  -1101.4163056034274 ; win rate(controlled & opponent):  0.40 0.60 ; Trained episode: 15
Episode:  41 controlled agent:  1 ; Episode Return:  -1447.4701294725903 ; win rate(controlled & opponent):  0.39 0.61 ; Trained episode: 16
Episode:  42 controlled agent:  1 ; Episode Return:  -1487.7300141024123 ; win rate(controlled & opponent):  0.38 0.62 ; Trained episode: 16
Episode:  43 controlled agent:  1 ; Episode Return:  -1591.1858582251282 ; win rate(controlled & opponent):  0.37 0.63 ; Trained episode: 16
Episode:  44 controlled agent:  1 ; Episode Return:  -1558.5828278447987 ; win rate(controlled & opponent):  0.39 0.61 ; Trained episode: 16
Episode:  45 controlled agent:  1 ; Episode Return:  -1498.4406922210676 ; win rate(controlled & opponent):  0.40 0.60 ; Trained episode: 17
Episode:  46 controlled agent:  1 ; Episode Return:  -1490.617315730204 ; win rate(controlled & opponent):  0.39 0.61 ; Trained episode: 18
Episode:  47 controlled agent:  1 ; Episode Return:  -1656.5290039756358 ; win rate(controlled & opponent):  0.38 0.62 ; Trained episode: 18
Episode:  48 controlled agent:  1 ; Episode Return:  -1489.5168106668157 ; win rate(controlled & opponent):  0.38 0.62 ; Trained episode: 18
Episode:  49 controlled agent:  1 ; Episode Return:  -1400.08535316174 ; win rate(controlled & opponent):  0.39 0.61 ; Trained episode: 18
Episode:  50 controlled agent:  1 ; Episode Return:  -1191.2447327281736 ; win rate(controlled & opponent):  0.38 0.62 ; Trained episode: 19
Episode:  51 controlled agent:  1 ; Episode Return:  -1232.683332908187 ; win rate(controlled & opponent):  0.39 0.61 ; Trained episode: 19
Episode:  52 controlled agent:  1 ; Episode Return:  -1517.641702347844 ; win rate(controlled & opponent):  0.38 0.62 ; Trained episode: 20
Episode:  53 controlled agent:  1 ; Episode Return:  -1032.8010819142778 ; win rate(controlled & opponent):  0.40 0.60 ; Trained episode: 20
Episode:  54 controlled agent:  1 ; Episode Return:  -1280.3401871576793 ; win rate(controlled & opponent):  0.39 0.61 ; Trained episode: 21
Episode:  55 controlled agent:  1 ; Episode Return:  -1199.7005768508895 ; win rate(controlled & opponent):  0.40 0.60 ; Trained episode: 21
Episode:  56 controlled agent:  1 ; Episode Return:  -1251.3158005400392 ; win rate(controlled & opponent):  0.41 0.59 ; Trained episode: 22
Episode:  57 controlled agent:  1 ; Episode Return:  -958.4629867976528 ; win rate(controlled & opponent):  0.42 0.58 ; Trained episode: 23
Episode:  58 controlled agent:  1 ; Episode Return:  -1647.629509039024 ; win rate(controlled & opponent):  0.41 0.59 ; Trained episode: 24
Episode:  59 controlled agent:  1 ; Episode Return:  -855.1370849898478 ; win rate(controlled & opponent):  0.42 0.58 ; Trained episode: 24
Episode:  60 controlled agent:  1 ; Episode Return:  -1179.09754647056 ; win rate(controlled & opponent):  0.42 0.58 ; Trained episode: 25
Episode:  61 controlled agent:  1 ; Episode Return:  -1273.5411972844558 ; win rate(controlled & opponent):  0.43 0.57 ; Trained episode: 25
Episode:  62 controlled agent:  1 ; Episode Return:  -1245.1858582251282 ; win rate(controlled & opponent):  0.42 0.58 ; Trained episode: 26
Episode:  63 controlled agent:  1 ; Episode Return:  -1232.2985565973365 ; win rate(controlled & opponent):  0.43 0.57 ; Trained episode: 26
Episode:  64 controlled agent:  1 ; Episode Return:  -1485.8427124746206 ; win rate(controlled & opponent):  0.42 0.58 ; Trained episode: 27
Episode:  65 controlled agent:  1 ; Episode Return:  -1498.955410846829 ; win rate(controlled & opponent):  0.42 0.58 ; Trained episode: 27
Episode:  66 controlled agent:  1 ; Episode Return:  -1107.629509039024 ; win rate(controlled & opponent):  0.41 0.59 ; Trained episode: 27
Episode:  67 controlled agent:  1 ; Episode Return:  -635.8406204335658 ; win rate(controlled & opponent):  0.42 0.58 ; Trained episode: 27
Episode:  68 controlled agent:  1 ; Episode Return:  -1107.5878784786812 ; win rate(controlled & opponent):  0.43 0.57 ; Trained episode: 28
Episode:  69 controlled agent:  1 ; Episode Return:  -1476.7422074112324 ; win rate(controlled & opponent):  0.42 0.58 ; Trained episode: 29
Episode:  70 controlled agent:  1 ; Episode Return:  -1481.031529292577 ; win rate(controlled & opponent):  0.41 0.59 ; Trained episode: 29
Episode:  71 controlled agent:  1 ; Episode Return:  -1276.955410846829 ; win rate(controlled & opponent):  0.41 0.59 ; Trained episode: 29
Episode:  72 controlled agent:  1 ; Episode Return:  -889.2081528017134 ; win rate(controlled & opponent):  0.42 0.58 ; Trained episode: 29
Episode:  73 controlled agent:  1 ; Episode Return:  -1251.4163056034274 ; win rate(controlled & opponent):  0.41 0.59 ; Trained episode: 30
Episode:  74 controlled agent:  1 ; Episode Return:  -1173.227488785471 ; win rate(controlled & opponent):  0.42 0.58 ; Trained episode: 30
Episode:  75 controlled agent:  1 ; Episode Return:  -1666.2691193458138 ; win rate(controlled & opponent):  0.41 0.59 ; Trained episode: 31
Episode:  76 controlled agent:  1 ; Episode Return:  -1668.3401871576793 ; win rate(controlled & opponent):  0.41 0.59 ; Trained episode: 31
Episode:  77 controlled agent:  1 ; Episode Return:  -1247.0020920410543 ; win rate(controlled & opponent):  0.42 0.58 ; Trained episode: 31
Episode:  78 controlled agent:  1 ; Episode Return:  -1249.09754647056 ; win rate(controlled & opponent):  0.42 0.58 ; Trained episode: 32
Episode:  79 controlled agent:  1 ; Episode Return:  -1040.4163056034274 ; win rate(controlled & opponent):  0.43 0.57 ; Trained episode: 33
Episode:  80 controlled agent:  1 ; Episode Return:  -1648.7544007200524 ; win rate(controlled & opponent):  0.42 0.57 ; Trained episode: 34
Episode:  81 controlled agent:  1 ; Episode Return:  -851.4680374315353 ; win rate(controlled & opponent):  0.43 0.57 ; Trained episode: 34
Episode:  82 controlled agent:  1 ; Episode Return:  -1266.3401871576793 ; win rate(controlled & opponent):  0.43 0.57 ; Trained episode: 35
Episode:  83 controlled agent:  1 ; Episode Return:  -892.1909088590107 ; win rate(controlled & opponent):  0.43 0.57 ; Trained episode: 35
Episode:  84 controlled agent:  1 ; Episode Return:  -1432.9432175380089 ; win rate(controlled & opponent):  0.44 0.56 ; Trained episode: 36
Episode:  85 controlled agent:  1 ; Episode Return:  -1142.3158005400392 ; win rate(controlled & opponent):  0.45 0.55 ; Trained episode: 37
Episode:  86 controlled agent:  1 ; Episode Return:  -1254.2863632885164 ; win rate(controlled & opponent):  0.45 0.55 ; Trained episode: 38
Episode:  87 controlled agent:  1 ; Episode Return:  -1007.7300141024123 ; win rate(controlled & opponent):  0.46 0.54 ; Trained episode: 39
Episode:  88 controlled agent:  1 ; Episode Return:  -1264.0142853498744 ; win rate(controlled & opponent):  0.47 0.53 ; Trained episode: 40
Episode:  89 controlled agent:  1 ; Episode Return:  -1202.5584412271585 ; win rate(controlled & opponent):  0.47 0.53 ; Trained episode: 41
Episode:  90 controlled agent:  1 ; Episode Return:  -1439.5411972844558 ; win rate(controlled & opponent):  0.47 0.53 ; Trained episode: 42
Episode:  91 controlled agent:  1 ; Episode Return:  -1629.6711395993668 ; win rate(controlled & opponent):  0.46 0.54 ; Trained episode: 42
Episode:  92 controlled agent:  1 ; Episode Return:  -1343.1564209736055 ; win rate(controlled & opponent):  0.47 0.53 ; Trained episode: 42
Episode:  93 controlled agent:  1 ; Episode Return:  -1503.9726547895316 ; win rate(controlled & opponent):  0.47 0.53 ; Trained episode: 43
Episode:  94 controlled agent:  1 ; Episode Return:  -1633.9970414071718 ; win rate(controlled & opponent):  0.47 0.53 ; Trained episode: 44
Episode:  95 controlled agent:  1 ; Episode Return:  -1086.161471607488 ; win rate(controlled & opponent):  0.47 0.53 ; Trained episode: 44
Episode:  96 controlled agent:  1 ; Episode Return:  -990.6173157302039 ; win rate(controlled & opponent):  0.48 0.52 ; Trained episode: 45
Episode:  97 controlled agent:  1 ; Episode Return:  -1521.3990616607248 ; win rate(controlled & opponent):  0.47 0.53 ; Trained episode: 46
Episode:  98 controlled agent:  1 ; Episode Return:  -1227.4163056034274 ; win rate(controlled & opponent):  0.47 0.53 ; Trained episode: 46
Episode:  99 controlled agent:  1 ; Episode Return:  -1444.3401871576793 ; win rate(controlled & opponent):  0.46 0.54 ; Trained episode: 46
Episode:  100 controlled agent:  1 ; Episode Return:  -1027.4629867976528 ; win rate(controlled & opponent):  0.47 0.53 ; Trained episode: 46
Episode:  101 controlled agent:  1 ; Episode Return:  -1608.369624409202 ; win rate(controlled & opponent):  0.47 0.53 ; Trained episode: 47
Episode:  102 controlled agent:  1 ; Episode Return:  -1678.9970414071718 ; win rate(controlled & opponent):  0.47 0.53 ; Trained episode: 47
Episode:  103 controlled agent:  1 ; Episode Return:  -1666.0559159102172 ; win rate(controlled & opponent):  0.46 0.54 ; Trained episode: 47
Episode:  104 controlled agent:  1 ; Episode Return:  -949.9898987322342 ; win rate(controlled & opponent):  0.47 0.53 ; Trained episode: 47
Episode:  105 controlled agent:  1 ; Episode Return:  -1100.8772003600259 ; win rate(controlled & opponent):  0.47 0.53 ; Trained episode: 48
Episode:  106 controlled agent:  1 ; Episode Return:  -1122.4751801064729 ; win rate(controlled & opponent):  0.48 0.52 ; Trained episode: 49
Episode:  107 controlled agent:  1 ; Episode Return:  -1011.1492782986679 ; win rate(controlled & opponent):  0.48 0.52 ; Trained episode: 50
Episode:  108 controlled agent:  1 ; Episode Return:  -1069.4629867976528 ; win rate(controlled & opponent):  0.48 0.52 ; Trained episode: 51
Episode:  109 controlled agent:  1 ; Episode Return:  -1365.0020920410543 ; win rate(controlled & opponent):  0.48 0.52 ; Trained episode: 52
Episode:  110 controlled agent:  1 ; Episode Return:  -1246.9726547895316 ; win rate(controlled & opponent):  0.48 0.52 ; Trained episode: 53
Episode:  111 controlled agent:  1 ; Episode Return:  -1024.3868683519047 ; win rate(controlled & opponent):  0.49 0.51 ; Trained episode: 54
Episode:  112 controlled agent:  1 ; Episode Return:  -1510.1686142824256 ; win rate(controlled & opponent):  0.49 0.51 ; Trained episode: 55
Episode:  113 controlled agent:  1 ; Episode Return:  -1067.3868683519047 ; win rate(controlled & opponent):  0.50 0.50 ; Trained episode: 55
Episode:  114 controlled agent:  1 ; Episode Return:  -1466.3452377915619 ; win rate(controlled & opponent):  0.50 0.50 ; Trained episode: 56
Episode:  115 controlled agent:  1 ; Episode Return:  -1508.9259735953062 ; win rate(controlled & opponent):  0.49 0.51 ; Trained episode: 56
Episode:  116 controlled agent:  1 ; Episode Return:  -843.2081528017134 ; win rate(controlled & opponent):  0.50 0.50 ; Trained episode: 56
Episode:  117 controlled agent:  1 ; Episode Return:  -1581.215295476651 ; win rate(controlled & opponent):  0.49 0.51 ; Trained episode: 57
Episode:  118 controlled agent:  1 ; Episode Return:  -1333.7544007200524 ; win rate(controlled & opponent):  0.50 0.50 ; Trained episode: 57
Episode:  119 controlled agent:  1 ; Episode Return:  -1210.2447327281736 ; win rate(controlled & opponent):  0.51 0.49 ; Trained episode: 58
Episode:  120 controlled agent:  1 ; Episode Return:  -1370.0264786586945 ; win rate(controlled & opponent):  0.52 0.48 ; Trained episode: 59
Episode:  121 controlled agent:  1 ; Episode Return:  -1043.563491861041 ; win rate(controlled & opponent):  0.53 0.47 ; Trained episode: 60
Episode:  122 controlled agent:  1 ; Episode Return:  -1441.357431100382 ; win rate(controlled & opponent):  0.53 0.47 ; Trained episode: 61
Episode:  123 controlled agent:  1 ; Episode Return:  -1130.1147904132627 ; win rate(controlled & opponent):  0.53 0.47 ; Trained episode: 62
Episode:  124 controlled agent:  1 ; Episode Return:  -1075.8061325481603 ; win rate(controlled & opponent):  0.54 0.46 ; Trained episode: 63
Episode:  125 controlled agent:  1 ; Episode Return:  -1472.0731598529198 ; win rate(controlled & opponent):  0.54 0.46 ; Trained episode: 64
Episode:  126 controlled agent:  1 ; Episode Return:  -972.7645019878175 ; win rate(controlled & opponent):  0.55 0.45 ; Trained episode: 64
Episode:  127 controlled agent:  1 ; Episode Return:  -1192.8305191658005 ; win rate(controlled & opponent):  0.56 0.44 ; Trained episode: 65
Episode:  128 controlled agent:  1 ; Episode Return:  -1092.0020920410543 ; win rate(controlled & opponent):  0.56 0.44 ; Trained episode: 66
Episode:  129 controlled agent:  1 ; Episode Return:  -1015.563491861041 ; win rate(controlled & opponent):  0.57 0.43 ; Trained episode: 67
Episode:  130 controlled agent:  1 ; Episode Return:  -1175.7300141024123 ; win rate(controlled & opponent):  0.57 0.43 ; Trained episode: 68
Episode:  131 controlled agent:  1 ; Episode Return:  -1444.8549057834407 ; win rate(controlled & opponent):  0.57 0.43 ; Trained episode: 69
Episode:  132 controlled agent:  1 ; Episode Return:  -1447.2863632885164 ; win rate(controlled & opponent):  0.56 0.44 ; Trained episode: 70
Episode:  133 controlled agent:  1 ; Episode Return:  -984.7888886054577 ; win rate(controlled & opponent):  0.57 0.43 ; Trained episode: 70
Episode:  134 controlled agent:  1 ; Episode Return:  -1039.8772003600259 ; win rate(controlled & opponent):  0.56 0.44 ; Trained episode: 71
Episode:  135 controlled agent:  1 ; Episode Return:  -1087.9726547895316 ; win rate(controlled & opponent):  0.57 0.43 ; Trained episode: 71
Episode:  136 controlled agent:  1 ; Episode Return:  -1658.9970414071718 ; win rate(controlled & opponent):  0.57 0.43 ; Trained episode: 72
Episode:  137 controlled agent:  1 ; Episode Return:  -1658.5117600329331 ; win rate(controlled & opponent):  0.57 0.43 ; Trained episode: 72
Episode:  138 controlled agent:  1 ; Episode Return:  -978.9066376115486 ; win rate(controlled & opponent):  0.58 0.42 ; Trained episode: 72
Episode:  139 controlled agent:  1 ; Episode Return:  -1132.5584412271585 ; win rate(controlled & opponent):  0.58 0.42 ; Trained episode: 73
Episode:  140 controlled agent:  1 ; Episode Return:  -1646.8305191658005 ; win rate(controlled & opponent):  0.58 0.42 ; Trained episode: 73
Episode:  141 controlled agent:  1 ; Episode Return:  -1181.8599564173232 ; win rate(controlled & opponent):  0.59 0.41 ; Trained episode: 74
Episode:  142 controlled agent:  1 ; Episode Return:  -1626.6589462905467 ; win rate(controlled & opponent):  0.60 0.40 ; Trained episode: 75
Episode:  143 controlled agent:  1 ; Episode Return:  -1224.1686142824256 ; win rate(controlled & opponent):  0.61 0.39 ; Trained episode: 76
Episode:  144 controlled agent:  1 ; Episode Return:  -947.5218613006982 ; win rate(controlled & opponent):  0.61 0.39 ; Trained episode: 77
Episode:  145 controlled agent:  1 ; Episode Return:  -1498.3868683519047 ; win rate(controlled & opponent):  0.60 0.40 ; Trained episode: 78
Episode:  146 controlled agent:  1 ; Episode Return:  -1266.5117600329331 ; win rate(controlled & opponent):  0.60 0.40 ; Trained episode: 78
Episode:  147 controlled agent:  1 ; Episode Return:  -964.4091629284899 ; win rate(controlled & opponent):  0.61 0.39 ; Trained episode: 78
Episode:  148 controlled agent:  1 ; Episode Return:  -1388.9848480983517 ; win rate(controlled & opponent):  0.62 0.38 ; Trained episode: 79
Episode:  149 controlled agent:  1 ; Episode Return:  -1535.2447327281736 ; win rate(controlled & opponent):  0.62 0.38 ; Trained episode: 80
Episode:  150 controlled agent:  1 ; Episode Return:  -968.2081528017134 ; win rate(controlled & opponent):  0.63 0.37 ; Trained episode: 81
Episode:  151 controlled agent:  1 ; Episode Return:  -1062.1909088590107 ; win rate(controlled & opponent):  0.63 0.37 ; Trained episode: 82
Episode:  152 controlled agent:  1 ; Episode Return:  -1309.5828278447987 ; win rate(controlled & opponent):  0.64 0.36 ; Trained episode: 83
Episode:  153 controlled agent:  1 ; Episode Return:  -1096.1442276647854 ; win rate(controlled & opponent):  0.64 0.36 ; Trained episode: 84
Episode:  154 controlled agent:  1 ; Episode Return:  -1452.5117600329331 ; win rate(controlled & opponent):  0.65 0.35 ; Trained episode: 85
Episode:  155 controlled agent:  1 ; Episode Return:  -923.8355697996831 ; win rate(controlled & opponent):  0.65 0.35 ; Trained episode: 86
Episode:  156 controlled agent:  1 ; Episode Return:  -1000.8305191658005 ; win rate(controlled & opponent):  0.65 0.35 ; Trained episode: 87
Episode:  157 controlled agent:  1 ; Episode Return:  -1490.4701294725903 ; win rate(controlled & opponent):  0.64 0.36 ; Trained episode: 88
Episode:  158 controlled agent:  1 ; Episode Return:  -1081.5340546095183 ; win rate(controlled & opponent):  0.65 0.35 ; Trained episode: 88
Episode:  159 controlled agent:  1 ; Episode Return:  -973.4751801064729 ; win rate(controlled & opponent):  0.65 0.35 ; Trained episode: 89
Episode:  160 controlled agent:  1 ; Episode Return:  -1007.6761902332494 ; win rate(controlled & opponent):  0.66 0.34 ; Trained episode: 90
Episode:  161 controlled agent:  1 ; Episode Return:  -1565.9726547895316 ; win rate(controlled & opponent):  0.65 0.35 ; Trained episode: 91
Episode:  162 controlled agent:  1 ; Episode Return:  -1447.8599564173232 ; win rate(controlled & opponent):  0.65 0.35 ; Trained episode: 91
Episode:  163 controlled agent:  1 ; Episode Return:  -932.4629867976528 ; win rate(controlled & opponent):  0.65 0.35 ; Trained episode: 91
Episode:  164 controlled agent:  1 ; Episode Return:  -939.2081528017134 ; win rate(controlled & opponent):  0.66 0.34 ; Trained episode: 92
Episode:  165 controlled agent:  1 ; Episode Return:  -1013.9604614807115 ; win rate(controlled & opponent):  0.67 0.33 ; Trained episode: 93
Episode:  166 controlled agent:  1 ; Episode Return:  -1632.7544007200524 ; win rate(controlled & opponent):  0.67 0.33 ; Trained episode: 94
Episode:  167 controlled agent:  1 ; Episode Return:  -1373.2691193458138 ; win rate(controlled & opponent):  0.66 0.34 ; Trained episode: 94
Episode:  168 controlled agent:  1 ; Episode Return:  -1107.5340546095183 ; win rate(controlled & opponent):  0.66 0.34 ; Trained episode: 94
Episode:  169 controlled agent:  1 ; Episode Return:  -978.7350647362948 ; win rate(controlled & opponent):  0.67 0.33 ; Trained episode: 95
Episode:  170 controlled agent:  1 ; Episode Return:  -1148.0437226013971 ; win rate(controlled & opponent):  0.68 0.32 ; Trained episode: 96
Episode:  171 controlled agent:  1 ; Episode Return:  -1054.8061325481603 ; win rate(controlled & opponent):  0.69 0.31 ; Trained episode: 97
Episode:  172 controlled agent:  1 ; Episode Return:  -1052.9898987322342 ; win rate(controlled & opponent):  0.69 0.31 ; Trained episode: 98
Episode:  173 controlled agent:  1 ; Episode Return:  -1515.5828278447987 ; win rate(controlled & opponent):  0.70 0.30 ; Trained episode: 99
Episode:  174 controlled agent:  1 ; Episode Return:  -1422.0731598529198 ; win rate(controlled & opponent):  0.69 0.31 ; Trained episode: 100
Episode:  175 controlled agent:  1 ; Episode Return:  -226.38477631085024 ; win rate(controlled & opponent):  0.70 0.30 ; Trained episode: 100
Episode:  176 controlled agent:  1 ; Episode Return:  -1072.3158005400392 ; win rate(controlled & opponent):  0.71 0.29 ; Trained episode: 101
Episode:  177 controlled agent:  1 ; Episode Return:  -1633.1564209736055 ; win rate(controlled & opponent):  0.70 0.30 ; Trained episode: 102
Episode:  178 controlled agent:  1 ; Episode Return:  -1130.771644662755 ; win rate(controlled & opponent):  0.70 0.30 ; Trained episode: 102
Episode:  179 controlled agent:  1 ; Episode Return:  -1474.629509039024 ; win rate(controlled & opponent):  0.70 0.30 ; Trained episode: 103
Episode:  180 controlled agent:  1 ; Episode Return:  -1122.3624817342645 ; win rate(controlled & opponent):  0.71 0.29 ; Trained episode: 104
Episode:  181 controlled agent:  1 ; Episode Return:  -976.9898987322342 ; win rate(controlled & opponent):  0.71 0.29 ; Trained episode: 105
Episode:  182 controlled agent:  1 ; Episode Return:  -1066.8772003600259 ; win rate(controlled & opponent):  0.72 0.28 ; Trained episode: 106
Episode:  183 controlled agent:  1 ; Episode Return:  -1495.4406922210676 ; win rate(controlled & opponent):  0.71 0.29 ; Trained episode: 107
Episode:  184 controlled agent:  1 ; Episode Return:  -1222.5828278447987 ; win rate(controlled & opponent):  0.70 0.30 ; Trained episode: 107
Episode:  185 controlled agent:  1 ; Episode Return:  -1264.771644662755 ; win rate(controlled & opponent):  0.70 0.30 ; Trained episode: 107
Episode:  186 controlled agent:  1 ; Episode Return:  -1129.291413922399 ; win rate(controlled & opponent):  0.70 0.30 ; Trained episode: 108
Episode:  187 controlled agent:  1 ; Episode Return:  -1210.8599564173232 ; win rate(controlled & opponent):  0.69 0.31 ; Trained episode: 109
Episode:  188 controlled agent:  1 ; Episode Return:  -1131.6589462905467 ; win rate(controlled & opponent):  0.69 0.31 ; Trained episode: 109
Episode:  189 controlled agent:  1 ; Episode Return:  -1472.8010819142778 ; win rate(controlled & opponent):  0.69 0.31 ; Trained episode: 110
Episode:  190 controlled agent:  1 ; Episode Return:  -910.7645019878175 ; win rate(controlled & opponent):  0.70 0.30 ; Trained episode: 111
Episode:  191 controlled agent:  1 ; Episode Return:  -1125.4629867976528 ; win rate(controlled & opponent):  0.71 0.29 ; Trained episode: 112
Episode:  192 controlled agent:  1 ; Episode Return:  -995.0782104868024 ; win rate(controlled & opponent):  0.70 0.30 ; Trained episode: 113
Episode:  193 controlled agent:  1 ; Episode Return:  -1026.5340546095183 ; win rate(controlled & opponent):  0.70 0.30 ; Trained episode: 113
Episode:  194 controlled agent:  1 ; Episode Return:  -1121.4629867976528 ; win rate(controlled & opponent):  0.70 0.30 ; Trained episode: 114
Episode:  195 controlled agent:  1 ; Episode Return:  -1118.3452377915619 ; win rate(controlled & opponent):  0.70 0.30 ; Trained episode: 114
Episode:  196 controlled agent:  1 ; Episode Return:  -1476.6711395993668 ; win rate(controlled & opponent):  0.70 0.30 ; Trained episode: 115
Episode:  197 controlled agent:  1 ; Episode Return:  -777.7989898732233 ; win rate(controlled & opponent):  0.71 0.29 ; Trained episode: 116
Episode:  198 controlled agent:  1 ; Episode Return:  -1330.0559159102172 ; win rate(controlled & opponent):  0.72 0.28 ; Trained episode: 117
Episode:  199 controlled agent:  1 ; Episode Return:  -1183.357431100382 ; win rate(controlled & opponent):  0.72 0.28 ; Trained episode: 118
Episode:  200 controlled agent:  1 ; Episode Return:  -1182.09754647056 ; win rate(controlled & opponent):  0.71 0.29 ; Trained episode: 118
Episode:  201 controlled agent:  1 ; Episode Return:  -1103.5462479183384 ; win rate(controlled & opponent):  0.72 0.28 ; Trained episode: 118
Episode:  202 controlled agent:  1 ; Episode Return:  -1246.4579361637702 ; win rate(controlled & opponent):  0.73 0.27 ; Trained episode: 119
Episode:  203 controlled agent:  1 ; Episode Return:  -1196.9726547895316 ; win rate(controlled & opponent):  0.74 0.26 ; Trained episode: 120
Episode:  204 controlled agent:  1 ; Episode Return:  -1469.9726547895316 ; win rate(controlled & opponent):  0.74 0.26 ; Trained episode: 121
Episode:  205 controlled agent:  1 ; Episode Return:  -1531.1686142824256 ; win rate(controlled & opponent):  0.73 0.27 ; Trained episode: 122
Episode:  206 controlled agent:  1 ; Episode Return:  -1490.1269837220827 ; win rate(controlled & opponent):  0.72 0.28 ; Trained episode: 122
Episode:  207 controlled agent:  1 ; Episode Return:  -1118.9482681718914 ; win rate(controlled & opponent):  0.72 0.28 ; Trained episode: 122
Episode:  208 controlled agent:  1 ; Episode Return:  -845.6101730552664 ; win rate(controlled & opponent):  0.71 0.29 ; Trained episode: 123
Episode:  209 controlled agent:  1 ; Episode Return:  -946.9188309203687 ; win rate(controlled & opponent):  0.70 0.30 ; Trained episode: 123
Episode:  210 controlled agent:  1 ; Episode Return:  -1661.2863632885164 ; win rate(controlled & opponent):  0.69 0.31 ; Trained episode: 123
Episode:  211 controlled agent:  1 ; Episode Return:  -394.04163056034264 ; win rate(controlled & opponent):  0.69 0.31 ; Trained episode: 123
Episode:  212 controlled agent:  1 ; Episode Return:  -1320.5828278447987 ; win rate(controlled & opponent):  0.69 0.31 ; Trained episode: 124
Episode:  213 controlled agent:  1 ; Episode Return:  -1515.369624409202 ; win rate(controlled & opponent):  0.68 0.32 ; Trained episode: 124
Episode:  214 controlled agent:  1 ; Episode Return:  -1599.629509039024 ; win rate(controlled & opponent):  0.68 0.32 ; Trained episode: 124
Episode:  215 controlled agent:  1 ; Episode Return:  -1046.5046173579956 ; win rate(controlled & opponent):  0.69 0.31 ; Trained episode: 124
Episode:  216 controlled agent:  1 ; Episode Return:  -896.9360748630713 ; win rate(controlled & opponent):  0.69 0.31 ; Trained episode: 125
Episode:  217 controlled agent:  1 ; Episode Return:  -1041.019335983757 ; win rate(controlled & opponent):  0.69 0.31 ; Trained episode: 126
Episode:  218 controlled agent:  1 ; Episode Return:  -1061.303607231219 ; win rate(controlled & opponent):  0.69 0.31 ; Trained episode: 126
Episode:  219 controlled agent:  1 ; Episode Return:  -374.3847763108502 ; win rate(controlled & opponent):  0.69 0.31 ; Trained episode: 127
Episode:  220 controlled agent:  1 ; Episode Return:  -963.9066376115486 ; win rate(controlled & opponent):  0.69 0.31 ; Trained episode: 128
Episode:  221 controlled agent:  1 ; Episode Return:  -1505.1686142824256 ; win rate(controlled & opponent):  0.68 0.32 ; Trained episode: 129
Episode:  222 controlled agent:  1 ; Episode Return:  -1506.9726547895316 ; win rate(controlled & opponent):  0.67 0.33 ; Trained episode: 129
Episode:  223 controlled agent:  1 ; Episode Return:  -1032.9777054234141 ; win rate(controlled & opponent):  0.67 0.33 ; Trained episode: 129
Episode:  224 controlled agent:  1 ; Episode Return:  -862.2325394193535 ; win rate(controlled & opponent):  0.66 0.34 ; Trained episode: 130
Episode:  225 controlled agent:  1 ; Episode Return:  -1036.031529292577 ; win rate(controlled & opponent):  0.67 0.33 ; Trained episode: 130
Episode:  226 controlled agent:  1 ; Episode Return:  -1126.291413922399 ; win rate(controlled & opponent):  0.67 0.33 ; Trained episode: 131
Episode:  227 controlled agent:  1 ; Episode Return:  -1091.759451353935 ; win rate(controlled & opponent):  0.67 0.33 ; Trained episode: 132
Episode:  228 controlled agent:  1 ; Episode Return:  -1070.43354954613 ; win rate(controlled & opponent):  0.66 0.34 ; Trained episode: 133
Episode:  229 controlled agent:  1 ; Episode Return:  -1061.8772003600259 ; win rate(controlled & opponent):  0.66 0.34 ; Trained episode: 133
Episode:  230 controlled agent:  1 ; Episode Return:  -978.5340546095183 ; win rate(controlled & opponent):  0.65 0.35 ; Trained episode: 134
Episode:  231 controlled agent:  1 ; Episode Return:  -1331.357431100382 ; win rate(controlled & opponent):  0.65 0.35 ; Trained episode: 134
Episode:  232 controlled agent:  1 ; Episode Return:  -1320.7422074112324 ; win rate(controlled & opponent):  0.65 0.35 ; Trained episode: 135
Episode:  233 controlled agent:  1 ; Episode Return:  -1041.7300141024123 ; win rate(controlled & opponent):  0.65 0.35 ; Trained episode: 135
Episode:  234 controlled agent:  1 ; Episode Return:  -1541.5411972844558 ; win rate(controlled & opponent):  0.65 0.35 ; Trained episode: 136
Episode:  235 controlled agent:  1 ; Episode Return:  -833.0538238691622 ; win rate(controlled & opponent):  0.65 0.35 ; Trained episode: 136
Episode:  236 controlled agent:  1 ; Episode Return:  -932.3624817342645 ; win rate(controlled & opponent):  0.66 0.34 ; Trained episode: 137
Episode:  237 controlled agent:  1 ; Episode Return:  -1349.6589462905467 ; win rate(controlled & opponent):  0.67 0.33 ; Trained episode: 138
Episode:  238 controlled agent:  1 ; Episode Return:  -1091.3452377915619 ; win rate(controlled & opponent):  0.67 0.33 ; Trained episode: 139
Episode:  239 controlled agent:  1 ; Episode Return:  -1128.291413922399 ; win rate(controlled & opponent):  0.68 0.32 ; Trained episode: 140
Episode:  240 controlled agent:  1 ; Episode Return:  -935.6051224213838 ; win rate(controlled & opponent):  0.68 0.32 ; Trained episode: 141
Episode:  241 controlled agent:  1 ; Episode Return:  -827.2081528017134 ; win rate(controlled & opponent):  0.68 0.32 ; Trained episode: 142
Episode:  242 controlled agent:  1 ; Episode Return:  -1123.43354954613 ; win rate(controlled & opponent):  0.68 0.32 ; Trained episode: 143
Episode:  243 controlled agent:  1 ; Episode Return:  -1520.955410846829 ; win rate(controlled & opponent):  0.68 0.32 ; Trained episode: 144
Episode:  244 controlled agent:  1 ; Episode Return:  -1062.6639969244293 ; win rate(controlled & opponent):  0.68 0.32 ; Trained episode: 145
Episode:  245 controlled agent:  1 ; Episode Return:  -1261.0264786586945 ; win rate(controlled & opponent):  0.68 0.32 ; Trained episode: 146
Episode:  246 controlled agent:  1 ; Episode Return:  -984.8477631085032 ; win rate(controlled & opponent):  0.69 0.31 ; Trained episode: 146
Episode:  247 controlled agent:  1 ; Episode Return:  -1242.7005768508895 ; win rate(controlled & opponent):  0.68 0.32 ; Trained episode: 147
Episode:  248 controlled agent:  1 ; Episode Return:  -1141.3452377915619 ; win rate(controlled & opponent):  0.68 0.32 ; Trained episode: 147
Episode:  249 controlled agent:  1 ; Episode Return:  -1027.901586977666 ; win rate(controlled & opponent):  0.68 0.32 ; Trained episode: 148
Episode:  250 controlled agent:  1 ; Episode Return:  -309.65685424949237 ; win rate(controlled & opponent):  0.68 0.32 ; Trained episode: 149
Episode:  251 controlled agent:  1 ; Episode Return:  -356.0416305603426 ; win rate(controlled & opponent):  0.68 0.32 ; Trained episode: 150
Episode:  252 controlled agent:  1 ; Episode Return:  -858.693434175952 ; win rate(controlled & opponent):  0.68 0.32 ; Trained episode: 151
Episode:  253 controlled agent:  1 ; Episode Return:  -1133.43354954613 ; win rate(controlled & opponent):  0.68 0.32 ; Trained episode: 152
Episode:  254 controlled agent:  1 ; Episode Return:  -850.2670273047588 ; win rate(controlled & opponent):  0.68 0.32 ; Trained episode: 153
Episode:  255 controlled agent:  1 ; Episode Return:  -1105.487373415293 ; win rate(controlled & opponent):  0.67 0.33 ; Trained episode: 154
Episode:  256 controlled agent:  1 ; Episode Return:  -1097.3868683519047 ; win rate(controlled & opponent):  0.67 0.33 ; Trained episode: 154
Episode:  257 controlled agent:  1 ; Episode Return:  -1359.5584412271585 ; win rate(controlled & opponent):  0.67 0.33 ; Trained episode: 155
Episode:  258 controlled agent:  1 ; Episode Return:  -1095.4629867976528 ; win rate(controlled & opponent):  0.67 0.33 ; Trained episode: 155
Episode:  259 controlled agent:  1 ; Episode Return:  -429.31370849898474 ; win rate(controlled & opponent):  0.67 0.33 ; Trained episode: 156
Episode:  260 controlled agent:  1 ; Episode Return:  -1568.683332908187 ; win rate(controlled & opponent):  0.66 0.34 ; Trained episode: 157
Episode:  261 controlled agent:  1 ; Episode Return:  -1488.1686142824256 ; win rate(controlled & opponent):  0.66 0.34 ; Trained episode: 157
Episode:  262 controlled agent:  1 ; Episode Return:  -1458.0731598529198 ; win rate(controlled & opponent):  0.66 0.34 ; Trained episode: 157
Episode:  263 controlled agent:  1 ; Episode Return:  -691.5685424949237 ; win rate(controlled & opponent):  0.66 0.34 ; Trained episode: 157
Episode:  264 controlled agent:  1 ; Episode Return:  -1148.031529292577 ; win rate(controlled & opponent):  0.65 0.35 ; Trained episode: 158
Episode:  265 controlled agent:  1 ; Episode Return:  -735.6690475583121 ; win rate(controlled & opponent):  0.65 0.35 ; Trained episode: 158
Episode:  266 controlled agent:  1 ; Episode Return:  -1119.1198410471452 ; win rate(controlled & opponent):  0.65 0.35 ; Trained episode: 159
Episode:  267 controlled agent:  1 ; Episode Return:  -1243.3401871576793 ; win rate(controlled & opponent):  0.66 0.34 ; Trained episode: 159
Episode:  268 controlled agent:  1 ; Episode Return:  -949.7350647362948 ; win rate(controlled & opponent):  0.66 0.34 ; Trained episode: 160
Episode:  269 controlled agent:  1 ; Episode Return:  -1043.3868683519047 ; win rate(controlled & opponent):  0.66 0.34 ; Trained episode: 161
Episode:  270 controlled agent:  1 ; Episode Return:  -770.2842712474619 ; win rate(controlled & opponent):  0.66 0.34 ; Trained episode: 162
Episode:  271 controlled agent:  1 ; Episode Return:  -1108.1198410471452 ; win rate(controlled & opponent):  0.66 0.34 ; Trained episode: 163
Episode:  272 controlled agent:  1 ; Episode Return:  -1340.1858582251282 ; win rate(controlled & opponent):  0.66 0.34 ; Trained episode: 164
Episode:  273 controlled agent:  1 ; Episode Return:  -965.9604614807115 ; win rate(controlled & opponent):  0.66 0.34 ; Trained episode: 165
Episode:  274 controlled agent:  1 ; Episode Return:  -854.1665222413706 ; win rate(controlled & opponent):  0.67 0.33 ; Trained episode: 166
Episode:  275 controlled agent:  1 ; Episode Return:  -922.7523086789975 ; win rate(controlled & opponent):  0.67 0.33 ; Trained episode: 167
Episode:  276 controlled agent:  1 ; Episode Return:  -1474.2447327281736 ; win rate(controlled & opponent):  0.66 0.34 ; Trained episode: 168
Episode:  277 controlled agent:  1 ; Episode Return:  -984.291413922399 ; win rate(controlled & opponent):  0.67 0.33 ; Trained episode: 168
Episode:  278 controlled agent:  1 ; Episode Return:  -1417.499566724113 ; win rate(controlled & opponent):  0.66 0.34 ; Trained episode: 169
Episode:  279 controlled agent:  1 ; Episode Return:  -1272.4163056034274 ; win rate(controlled & opponent):  0.66 0.34 ; Trained episode: 169
Episode:  280 controlled agent:  1 ; Episode Return:  -1081.2325394193535 ; win rate(controlled & opponent):  0.66 0.34 ; Trained episode: 170
Episode:  281 controlled agent:  1 ; Episode Return:  -1683.7544007200524 ; win rate(controlled & opponent):  0.65 0.35 ; Trained episode: 171
Episode:  282 controlled agent:  1 ; Episode Return:  -942.3797256769672 ; win rate(controlled & opponent):  0.65 0.35 ; Trained episode: 171
Episode:  283 controlled agent:  1 ; Episode Return:  -245.48528137423858 ; win rate(controlled & opponent):  0.66 0.34 ; Trained episode: 172
Episode:  284 controlled agent:  1 ; Episode Return:  -1429.0731598529198 ; win rate(controlled & opponent):  0.67 0.33 ; Trained episode: 173
Episode:  285 controlled agent:  1 ; Episode Return:  -1169.1564209736055 ; win rate(controlled & opponent):  0.67 0.33 ; Trained episode: 174
Episode:  286 controlled agent:  1 ; Episode Return:  -375.14213562373095 ; win rate(controlled & opponent):  0.67 0.33 ; Trained episode: 175
Episode:  287 controlled agent:  1 ; Episode Return:  -897.2081528017134 ; win rate(controlled & opponent):  0.68 0.32 ; Trained episode: 176
Episode:  288 controlled agent:  1 ; Episode Return:  -1388.7838379715752 ; win rate(controlled & opponent):  0.67 0.33 ; Trained episode: 177
Episode:  289 controlled agent:  1 ; Episode Return:  -1275.683332908187 ; win rate(controlled & opponent):  0.67 0.33 ; Trained episode: 177
Episode:  290 controlled agent:  1 ; Episode Return:  -1092.6051224213838 ; win rate(controlled & opponent):  0.67 0.33 ; Trained episode: 178
Episode:  291 controlled agent:  1 ; Episode Return:  -1511.2863632885164 ; win rate(controlled & opponent):  0.67 0.33 ; Trained episode: 179
Episode:  292 controlled agent:  1 ; Episode Return:  -1403.5584412271585 ; win rate(controlled & opponent):  0.68 0.32 ; Trained episode: 180
Episode:  293 controlled agent:  1 ; Episode Return:  -266.89949493661163 ; win rate(controlled & opponent):  0.68 0.32 ; Trained episode: 181
Episode:  294 controlled agent:  1 ; Episode Return:  -1109.629509039024 ; win rate(controlled & opponent):  0.69 0.31 ; Trained episode: 182
Episode:  295 controlled agent:  1 ; Episode Return:  -1140.747258045115 ; win rate(controlled & opponent):  0.69 0.31 ; Trained episode: 183
Episode:  296 controlled agent:  1 ; Episode Return:  -1016.0020920410543 ; win rate(controlled & opponent):  0.69 0.31 ; Trained episode: 184
Episode:  297 controlled agent:  1 ; Episode Return:  -1211.5117600329331 ; win rate(controlled & opponent):  0.69 0.31 ; Trained episode: 185
Episode:  298 controlled agent:  1 ; Episode Return:  -780.254833995939 ; win rate(controlled & opponent):  0.69 0.31 ; Trained episode: 186
Episode:  299 controlled agent:  1 ; Episode Return:  -1111.3158005400392 ; win rate(controlled & opponent):  0.70 0.30 ; Trained episode: 187
Episode:  300 controlled agent:  1 ; Episode Return:  -951.2375900532361 ; win rate(controlled & opponent):  0.71 0.29 ; Trained episode: 188
Episode:  301 controlled agent:  1 ; Episode Return:  -1276.7838379715752 ; win rate(controlled & opponent):  0.71 0.29 ; Trained episode: 189
Episode:  302 controlled agent:  1 ; Episode Return:  -1000.8599564173232 ; win rate(controlled & opponent):  0.71 0.29 ; Trained episode: 190
Episode:  303 controlled agent:  1 ; Episode Return:  -1132.019335983757 ; win rate(controlled & opponent):  0.71 0.29 ; Trained episode: 191
Episode:  304 controlled agent:  1 ; Episode Return:  -644.9411254969542 ; win rate(controlled & opponent):  0.71 0.29 ; Trained episode: 192
Episode:  305 controlled agent:  1 ; Episode Return:  -647.4264068711927 ; win rate(controlled & opponent):  0.72 0.28 ; Trained episode: 193
Episode:  306 controlled agent:  1 ; Episode Return:  -970.9066376115486 ; win rate(controlled & opponent):  0.73 0.27 ; Trained episode: 194
Episode:  307 controlled agent:  1 ; Episode Return:  -1657.4163056034274 ; win rate(controlled & opponent):  0.72 0.28 ; Trained episode: 195
Episode:  308 controlled agent:  1 ; Episode Return:  -1109.629509039024 ; win rate(controlled & opponent):  0.73 0.27 ; Trained episode: 195
Episode:  309 controlled agent:  1 ; Episode Return:  -1252.357431100382 ; win rate(controlled & opponent):  0.74 0.26 ; Trained episode: 196
Episode:  310 controlled agent:  1 ; Episode Return:  -1499.1269837220827 ; win rate(controlled & opponent):  0.74 0.26 ; Trained episode: 197
Episode:  311 controlled agent:  1 ; Episode Return:  -1504.3990616607248 ; win rate(controlled & opponent):  0.74 0.26 ; Trained episode: 197
Episode:  312 controlled agent:  1 ; Episode Return:  -1299.487373415293 ; win rate(controlled & opponent):  0.75 0.25 ; Trained episode: 198
Episode:  313 controlled agent:  1 ; Episode Return:  -1080.4629867976528 ; win rate(controlled & opponent):  0.76 0.24 ; Trained episode: 199
Episode:  314 controlled agent:  1 ; Episode Return:  -1151.9432175380089 ; win rate(controlled & opponent):  0.77 0.23 ; Trained episode: 200
Episode:  315 controlled agent:  1 ; Episode Return:  -857.9238815542512 ; win rate(controlled & opponent):  0.77 0.23 ; Trained episode: 201
Episode:  316 controlled agent:  1 ; Episode Return:  -1598.8305191658005 ; win rate(controlled & opponent):  0.76 0.24 ; Trained episode: 202
Episode:  317 controlled agent:  1 ; Episode Return:  -926.1198410471452 ; win rate(controlled & opponent):  0.77 0.23 ; Trained episode: 202
Episode:  318 controlled agent:  1 ; Episode Return:  -1272.369624409202 ; win rate(controlled & opponent):  0.76 0.24 ; Trained episode: 203
Episode:  319 controlled agent:  1 ; Episode Return:  -1090.0020920410543 ; win rate(controlled & opponent):  0.76 0.24 ; Trained episode: 203
Episode:  320 controlled agent:  1 ; Episode Return:  -1106.4163056034274 ; win rate(controlled & opponent):  0.76 0.24 ; Trained episode: 204
Episode:  321 controlled agent:  1 ; Episode Return:  -1098.1025971044426 ; win rate(controlled & opponent):  0.77 0.23 ; Trained episode: 205
Episode:  322 controlled agent:  1 ; Episode Return:  -891.5046173579956 ; win rate(controlled & opponent):  0.78 0.22 ; Trained episode: 206
Episode:  323 controlled agent:  1 ; Episode Return:  -933.5046173579956 ; win rate(controlled & opponent):  0.78 0.22 ; Trained episode: 207
Episode:  324 controlled agent:  1 ; Episode Return:  -1639.8427124746206 ; win rate(controlled & opponent):  0.78 0.22 ; Trained episode: 208
Episode:  325 controlled agent:  1 ; Episode Return:  -1043.1025971044426 ; win rate(controlled & opponent):  0.78 0.22 ; Trained episode: 208
Episode:  326 controlled agent:  1 ; Episode Return:  -961.9238815542512 ; win rate(controlled & opponent):  0.78 0.22 ; Trained episode: 209
Episode:  327 controlled agent:  1 ; Episode Return:  -1124.5756851698611 ; win rate(controlled & opponent):  0.78 0.22 ; Trained episode: 210
Episode:  328 controlled agent:  1 ; Episode Return:  -1233.2447327281736 ; win rate(controlled & opponent):  0.78 0.22 ; Trained episode: 211
Episode:  329 controlled agent:  1 ; Episode Return:  -1421.6589462905467 ; win rate(controlled & opponent):  0.77 0.23 ; Trained episode: 211
Episode:  330 controlled agent:  1 ; Episode Return:  -1104.4629867976528 ; win rate(controlled & opponent):  0.78 0.22 ; Trained episode: 211
Episode:  331 controlled agent:  1 ; Episode Return:  -968.0609665440998 ; win rate(controlled & opponent):  0.78 0.22 ; Trained episode: 212
Episode:  332 controlled agent:  1 ; Episode Return:  -949.8355697996831 ; win rate(controlled & opponent):  0.79 0.21 ; Trained episode: 213
Episode:  333 controlled agent:  1 ; Episode Return:  -1098.5462479183384 ; win rate(controlled & opponent):  0.79 0.21 ; Trained episode: 214
Episode:  334 controlled agent:  1 ; Episode Return:  -1069.6761902332494 ; win rate(controlled & opponent):  0.80 0.20 ; Trained episode: 215
Episode:  335 controlled agent:  1 ; Episode Return:  -933.6761902332494 ; win rate(controlled & opponent):  0.80 0.20 ; Trained episode: 216
Episode:  336 controlled agent:  1 ; Episode Return:  -376.2842712474619 ; win rate(controlled & opponent):  0.80 0.20 ; Trained episode: 217
Episode:  337 controlled agent:  1 ; Episode Return:  -893.5512985522209 ; win rate(controlled & opponent):  0.80 0.20 ; Trained episode: 218
Episode:  338 controlled agent:  1 ; Episode Return:  -418.2426406871193 ; win rate(controlled & opponent):  0.80 0.20 ; Trained episode: 219
Episode:  339 controlled agent:  1 ; Episode Return:  -948.7523086789975 ; win rate(controlled & opponent):  0.80 0.20 ; Trained episode: 220
Episode:  340 controlled agent:  1 ; Episode Return:  -1457.6589462905467 ; win rate(controlled & opponent):  0.79 0.21 ; Trained episode: 221
Episode:  341 controlled agent:  1 ; Episode Return:  -1208.8427124746206 ; win rate(controlled & opponent):  0.78 0.22 ; Trained episode: 221
Episode:  342 controlled agent:  1 ; Episode Return:  -394.31370849898474 ; win rate(controlled & opponent):  0.78 0.22 ; Trained episode: 221
Episode:  343 controlled agent:  1 ; Episode Return:  -1232.1686142824256 ; win rate(controlled & opponent):  0.77 0.23 ; Trained episode: 222
Episode:  344 controlled agent:  1 ; Episode Return:  -1249.8599564173232 ; win rate(controlled & opponent):  0.77 0.23 ; Trained episode: 222
Episode:  345 controlled agent:  1 ; Episode Return:  -723.6690475583121 ; win rate(controlled & opponent):  0.78 0.22 ; Trained episode: 223
Episode:  346 controlled agent:  1 ; Episode Return:  -1125.4629867976528 ; win rate(controlled & opponent):  0.77 0.23 ; Trained episode: 224
Episode:  347 controlled agent:  1 ; Episode Return:  -1037.3624817342645 ; win rate(controlled & opponent):  0.78 0.22 ; Trained episode: 224
Episode:  348 controlled agent:  1 ; Episode Return:  -1236.1442276647854 ; win rate(controlled & opponent):  0.77 0.23 ; Trained episode: 225
Episode:  349 controlled agent:  1 ; Episode Return:  -1067.3330444827418 ; win rate(controlled & opponent):  0.77 0.23 ; Trained episode: 225
Episode:  350 controlled agent:  1 ; Episode Return:  -1496.215295476651 ; win rate(controlled & opponent):  0.77 0.23 ; Trained episode: 226
Episode:  351 controlled agent:  1 ; Episode Return:  -1500.9432175380089 ; win rate(controlled & opponent):  0.76 0.24 ; Trained episode: 227
Episode:  352 controlled agent:  1 ; Episode Return:  -1396.215295476651 ; win rate(controlled & opponent):  0.75 0.25 ; Trained episode: 227
Episode:  353 controlled agent:  1 ; Episode Return:  -1651.5117600329331 ; win rate(controlled & opponent):  0.74 0.26 ; Trained episode: 227
Episode:  354 controlled agent:  1 ; Episode Return:  -962.0365799264596 ; win rate(controlled & opponent):  0.74 0.26 ; Trained episode: 227
Episode:  355 controlled agent:  1 ; Episode Return:  -1380.8010819142778 ; win rate(controlled & opponent):  0.75 0.25 ; Trained episode: 228
Episode:  356 controlled agent:  1 ; Episode Return:  -339.0416305603426 ; win rate(controlled & opponent):  0.75 0.25 ; Trained episode: 229
Episode:  357 controlled agent:  1 ; Episode Return:  -992.9310242291888 ; win rate(controlled & opponent):  0.76 0.24 ; Trained episode: 230
Episode:  358 controlled agent:  1 ; Episode Return:  -1230.357431100382 ; win rate(controlled & opponent):  0.76 0.24 ; Trained episode: 231
Episode:  359 controlled agent:  1 ; Episode Return:  -959.4041122946073 ; win rate(controlled & opponent):  0.76 0.24 ; Trained episode: 232
Episode:  360 controlled agent:  1 ; Episode Return:  -955.3380951166243 ; win rate(controlled & opponent):  0.77 0.23 ; Trained episode: 233
Episode:  361 controlled agent:  1 ; Episode Return:  -1089.7300141024123 ; win rate(controlled & opponent):  0.78 0.22 ; Trained episode: 234
Episode:  362 controlled agent:  1 ; Episode Return:  -1121.0437226013971 ; win rate(controlled & opponent):  0.79 0.21 ; Trained episode: 235
Episode:  363 controlled agent:  1 ; Episode Return:  -959.7939392393403 ; win rate(controlled & opponent):  0.79 0.21 ; Trained episode: 236
Episode:  364 controlled agent:  1 ; Episode Return:  -227.2426406871193 ; win rate(controlled & opponent):  0.80 0.20 ; Trained episode: 237
Episode:  365 controlled agent:  1 ; Episode Return:  -1090.0020920410543 ; win rate(controlled & opponent):  0.80 0.20 ; Trained episode: 238
Episode:  366 controlled agent:  1 ; Episode Return:  -1235.0437226013971 ; win rate(controlled & opponent):  0.81 0.19 ; Trained episode: 239
Episode:  367 controlled agent:  1 ; Episode Return:  -1475.3279938488593 ; win rate(controlled & opponent):  0.81 0.19 ; Trained episode: 240
Episode:  368 controlled agent:  1 ; Episode Return:  -1122.9726547895316 ; win rate(controlled & opponent):  0.81 0.19 ; Trained episode: 241
Episode:  369 controlled agent:  1 ; Episode Return:  -1268.9137802864861 ; win rate(controlled & opponent):  0.80 0.20 ; Trained episode: 242
Episode:  370 controlled agent:  1 ; Episode Return:  -1108.9726547895316 ; win rate(controlled & opponent):  0.80 0.20 ; Trained episode: 242
Episode:  371 controlled agent:  1 ; Episode Return:  -1272.1686142824256 ; win rate(controlled & opponent):  0.80 0.20 ; Trained episode: 243
Episode:  372 controlled agent:  1 ; Episode Return:  -1565.3401871576793 ; win rate(controlled & opponent):  0.79 0.21 ; Trained episode: 244
Episode:  373 controlled agent:  1 ; Episode Return:  -1041.3452377915619 ; win rate(controlled & opponent):  0.79 0.21 ; Trained episode: 244
Episode:  374 controlled agent:  1 ; Episode Return:  -1513.1980515339483 ; win rate(controlled & opponent):  0.78 0.22 ; Trained episode: 245
Episode:  375 controlled agent:  1 ; Episode Return:  -1090.6883835420695 ; win rate(controlled & opponent):  0.78 0.22 ; Trained episode: 245
Episode:  376 controlled agent:  1 ; Episode Return:  -1211.2691193458138 ; win rate(controlled & opponent):  0.79 0.21 ; Trained episode: 246
Episode:  377 controlled agent:  1 ; Episode Return:  -1050.4751801064729 ; win rate(controlled & opponent):  0.79 0.21 ; Trained episode: 247
Episode:  378 controlled agent:  1 ; Episode Return:  -878.0660171779823 ; win rate(controlled & opponent):  0.80 0.20 ; Trained episode: 248
Episode:  379 controlled agent:  1 ; Episode Return:  -1135.4751801064729 ; win rate(controlled & opponent):  0.80 0.20 ; Trained episode: 249
Episode:  380 controlled agent:  1 ; Episode Return:  -1614.487373415293 ; win rate(controlled & opponent):  0.80 0.20 ; Trained episode: 250
Episode:  381 controlled agent:  1 ; Episode Return:  -1003.7056274847721 ; win rate(controlled & opponent):  0.81 0.19 ; Trained episode: 251
Episode:  382 controlled agent:  1 ; Episode Return:  -947.2792206135789 ; win rate(controlled & opponent):  0.81 0.19 ; Trained episode: 252
Episode:  383 controlled agent:  1 ; Episode Return:  -1080.2203461105335 ; win rate(controlled & opponent):  0.81 0.19 ; Trained episode: 253
Episode:  384 controlled agent:  1 ; Episode Return:  -961.5512985522209 ; win rate(controlled & opponent):  0.81 0.19 ; Trained episode: 254
Episode:  385 controlled agent:  1 ; Episode Return:  -1131.705627484772 ; win rate(controlled & opponent):  0.81 0.19 ; Trained episode: 255
Episode:  386 controlled agent:  1 ; Episode Return:  -1514.8549057834407 ; win rate(controlled & opponent):  0.80 0.20 ; Trained episode: 256
Episode:  387 controlled agent:  1 ; Episode Return:  -1474.9259735953062 ; win rate(controlled & opponent):  0.79 0.21 ; Trained episode: 256
Episode:  388 controlled agent:  1 ; Episode Return:  -1023.7056274847721 ; win rate(controlled & opponent):  0.80 0.20 ; Trained episode: 256
Episode:  389 controlled agent:  1 ; Episode Return:  -1037.747258045115 ; win rate(controlled & opponent):  0.80 0.20 ; Trained episode: 257
Episode:  390 controlled agent:  1 ; Episode Return:  -1523.5828278447987 ; win rate(controlled & opponent):  0.80 0.20 ; Trained episode: 258
Episode:  391 controlled agent:  1 ; Episode Return:  -1526.6122650963214 ; win rate(controlled & opponent):  0.80 0.20 ; Trained episode: 259
Episode:  392 controlled agent:  1 ; Episode Return:  -1070.0020920410543 ; win rate(controlled & opponent):  0.80 0.20 ; Trained episode: 260
Episode:  393 controlled agent:  1 ; Episode Return:  -1071.8599564173232 ; win rate(controlled & opponent):  0.80 0.20 ; Trained episode: 261
Episode:  394 controlled agent:  1 ; Episode Return:  -1245.487373415293 ; win rate(controlled & opponent):  0.79 0.21 ; Trained episode: 262
Episode:  395 controlled agent:  1 ; Episode Return:  -1171.813275223098 ; win rate(controlled & opponent):  0.79 0.21 ; Trained episode: 262
Episode:  396 controlled agent:  1 ; Episode Return:  -989.4629867976528 ; win rate(controlled & opponent):  0.79 0.21 ; Trained episode: 263
Episode:  397 controlled agent:  1 ; Episode Return:  -931.2203461105335 ; win rate(controlled & opponent):  0.79 0.21 ; Trained episode: 264
Episode:  398 controlled agent:  1 ; Episode Return:  -1042.9898987322342 ; win rate(controlled & opponent):  0.79 0.21 ; Trained episode: 265
Episode:  399 controlled agent:  1 ; Episode Return:  -1015.6345596729066 ; win rate(controlled & opponent):  0.79 0.21 ; Trained episode: 266
Episode:  400 controlled agent:  1 ; Episode Return:  -232.14213562373095 ; win rate(controlled & opponent):  0.79 0.21 ; Trained episode: 267
Episode:  401 controlled agent:  1 ; Episode Return:  -1050.4629867976528 ; win rate(controlled & opponent):  0.79 0.21 ; Trained episode: 268
Episode:  402 controlled agent:  1 ; Episode Return:  -1322.5117600329331 ; win rate(controlled & opponent):  0.79 0.21 ; Trained episode: 269
Episode:  403 controlled agent:  1 ; Episode Return:  -1502.629509039024 ; win rate(controlled & opponent):  0.79 0.21 ; Trained episode: 270
Episode:  404 controlled agent:  1 ; Episode Return:  -1297.1269837220827 ; win rate(controlled & opponent):  0.79 0.21 ; Trained episode: 271
Episode:  405 controlled agent:  1 ; Episode Return:  -941.9238815542512 ; win rate(controlled & opponent):  0.79 0.21 ; Trained episode: 272
Episode:  406 controlled agent:  1 ; Episode Return:  -922.1665222413706 ; win rate(controlled & opponent):  0.79 0.21 ; Trained episode: 273
Episode:  407 controlled agent:  1 ; Episode Return:  -857.4091629284899 ; win rate(controlled & opponent):  0.80 0.20 ; Trained episode: 274
Episode:  408 controlled agent:  1 ; Episode Return:  -1009.1198410471452 ; win rate(controlled & opponent):  0.80 0.20 ; Trained episode: 275
Episode:  409 controlled agent:  1 ; Episode Return:  -412.89949493661163 ; win rate(controlled & opponent):  0.80 0.20 ; Trained episode: 276
Episode:  410 controlled agent:  1 ; Episode Return:  -1005.8305191658005 ; win rate(controlled & opponent):  0.81 0.19 ; Trained episode: 277
Episode:  411 controlled agent:  1 ; Episode Return:  -676.7401153701775 ; win rate(controlled & opponent):  0.81 0.19 ; Trained episode: 278
Episode:  412 controlled agent:  1 ; Episode Return:  -1089.9898987322342 ; win rate(controlled & opponent):  0.81 0.19 ; Trained episode: 279
Episode:  413 controlled agent:  1 ; Episode Return:  -1178.499566724113 ; win rate(controlled & opponent):  0.80 0.20 ; Trained episode: 280
Episode:  414 controlled agent:  1 ; Episode Return:  -1093.6883835420695 ; win rate(controlled & opponent):  0.80 0.20 ; Trained episode: 280
Episode:  415 controlled agent:  1 ; Episode Return:  -1084.1442276647854 ; win rate(controlled & opponent):  0.80 0.20 ; Trained episode: 281
Episode:  416 controlled agent:  1 ; Episode Return:  -1111.1320343559653 ; win rate(controlled & opponent):  0.81 0.19 ; Trained episode: 282
Episode:  417 controlled agent:  1 ; Episode Return:  -1263.7300141024123 ; win rate(controlled & opponent):  0.80 0.20 ; Trained episode: 283
Episode:  418 controlled agent:  1 ; Episode Return:  -1084.5756851698611 ; win rate(controlled & opponent):  0.81 0.19 ; Trained episode: 283
Episode:  419 controlled agent:  1 ; Episode Return:  -1118.705627484772 ; win rate(controlled & opponent):  0.81 0.19 ; Trained episode: 284
Episode:  420 controlled agent:  1 ; Episode Return:  -1039.4924240491755 ; win rate(controlled & opponent):  0.81 0.19 ; Trained episode: 285
Episode:  421 controlled agent:  1 ; Episode Return:  -853.3380951166243 ; win rate(controlled & opponent):  0.81 0.19 ; Trained episode: 286
Episode:  422 controlled agent:  1 ; Episode Return:  -1061.2497833620562 ; win rate(controlled & opponent):  0.80 0.20 ; Trained episode: 287
Episode:  423 controlled agent:  1 ; Episode Return:  -1621.1442276647854 ; win rate(controlled & opponent):  0.79 0.21 ; Trained episode: 287
Episode:  424 controlled agent:  1 ; Episode Return:  -1121.161471607488 ; win rate(controlled & opponent):  0.80 0.20 ; Trained episode: 287
Episode:  425 controlled agent:  1 ; Episode Return:  -1133.2691193458138 ; win rate(controlled & opponent):  0.79 0.21 ; Trained episode: 288
Episode:  426 controlled agent:  1 ; Episode Return:  -1107.8010819142778 ; win rate(controlled & opponent):  0.79 0.21 ; Trained episode: 288
Episode:  427 controlled agent:  1 ; Episode Return:  -1456.5117600329331 ; win rate(controlled & opponent):  0.79 0.21 ; Trained episode: 289
Episode:  428 controlled agent:  1 ; Episode Return:  -1167.8843430349634 ; win rate(controlled & opponent):  0.80 0.20 ; Trained episode: 290
Episode:  429 controlled agent:  1 ; Episode Return:  -1179.9848480983517 ; win rate(controlled & opponent):  0.80 0.20 ; Trained episode: 291
Episode:  430 controlled agent:  1 ; Episode Return:  -1098.3452377915619 ; win rate(controlled & opponent):  0.80 0.20 ; Trained episode: 291
Episode:  431 controlled agent:  1 ; Episode Return:  -1463.4284989122475 ; win rate(controlled & opponent):  0.79 0.21 ; Trained episode: 292
Episode:  432 controlled agent:  1 ; Episode Return:  -1143.9604614807115 ; win rate(controlled & opponent):  0.79 0.21 ; Trained episode: 292
Episode:  433 controlled agent:  1 ; Episode Return:  -1503.5828278447987 ; win rate(controlled & opponent):  0.78 0.22 ; Trained episode: 293
Episode:  434 controlled agent:  1 ; Episode Return:  -1349.08535316174 ; win rate(controlled & opponent):  0.78 0.22 ; Trained episode: 293
Episode:  435 controlled agent:  1 ; Episode Return:  -827.8406204335658 ; win rate(controlled & opponent):  0.78 0.22 ; Trained episode: 294
Episode:  436 controlled agent:  1 ; Episode Return:  -1098.8772003600259 ; win rate(controlled & opponent):  0.78 0.22 ; Trained episode: 295
Episode:  437 controlled agent:  1 ; Episode Return:  -1142.0437226013971 ; win rate(controlled & opponent):  0.78 0.22 ; Trained episode: 296
Episode:  438 controlled agent:  1 ; Episode Return:  -1250.173664916308 ; win rate(controlled & opponent):  0.78 0.22 ; Trained episode: 297
Episode:  439 controlled agent:  1 ; Episode Return:  -1307.215295476651 ; win rate(controlled & opponent):  0.78 0.22 ; Trained episode: 298
Episode:  440 controlled agent:  1 ; Episode Return:  -1276.6589462905467 ; win rate(controlled & opponent):  0.79 0.21 ; Trained episode: 299
Episode:  441 controlled agent:  1 ; Episode Return:  -1011.0782104868024 ; win rate(controlled & opponent):  0.80 0.20 ; Trained episode: 300
Episode:  442 controlled agent:  1 ; Episode Return:  -1061.9726547895316 ; win rate(controlled & opponent):  0.80 0.20 ; Trained episode: 301
Episode:  443 controlled agent:  1 ; Episode Return:  -911.8650070512058 ; win rate(controlled & opponent):  0.81 0.19 ; Trained episode: 302
Episode:  444 controlled agent:  1 ; Episode Return:  -788.5391052434009 ; win rate(controlled & opponent):  0.81 0.19 ; Trained episode: 303
Episode:  445 controlled agent:  1 ; Episode Return:  -1259.3990616607248 ; win rate(controlled & opponent):  0.81 0.19 ; Trained episode: 304
Episode:  446 controlled agent:  1 ; Episode Return:  -1063.1320343559653 ; win rate(controlled & opponent):  0.82 0.18 ; Trained episode: 305
Episode:  447 controlled agent:  1 ; Episode Return:  -1449.9432175380089 ; win rate(controlled & opponent):  0.82 0.18 ; Trained episode: 306
Episode:  448 controlled agent:  1 ; Episode Return:  -1040.3452377915619 ; win rate(controlled & opponent):  0.83 0.17 ; Trained episode: 307
Episode:  449 controlled agent:  1 ; Episode Return:  -1062.705627484772 ; win rate(controlled & opponent):  0.83 0.17 ; Trained episode: 308
Episode:  450 controlled agent:  1 ; Episode Return:  -847.4802307403554 ; win rate(controlled & opponent):  0.83 0.17 ; Trained episode: 309
Episode:  451 controlled agent:  1 ; Episode Return:  -389.31370849898474 ; win rate(controlled & opponent):  0.84 0.16 ; Trained episode: 310
Episode:  452 controlled agent:  1 ; Episode Return:  -981.8772003600259 ; win rate(controlled & opponent):  0.85 0.15 ; Trained episode: 311
Episode:  453 controlled agent:  1 ; Episode Return:  -1203.3279938488593 ; win rate(controlled & opponent):  0.86 0.14 ; Trained episode: 312
Episode:  454 controlled agent:  1 ; Episode Return:  -1092.1025971044426 ; win rate(controlled & opponent):  0.86 0.14 ; Trained episode: 313
Episode:  455 controlled agent:  1 ; Episode Return:  -1068.5584412271585 ; win rate(controlled & opponent):  0.86 0.14 ; Trained episode: 314
Episode:  456 controlled agent:  1 ; Episode Return:  -1033.7178207935922 ; win rate(controlled & opponent):  0.86 0.14 ; Trained episode: 315
Episode:  457 controlled agent:  1 ; Episode Return:  -1123.6589462905467 ; win rate(controlled & opponent):  0.86 0.14 ; Trained episode: 316
Episode:  458 controlled agent:  1 ; Episode Return:  -1496.8599564173232 ; win rate(controlled & opponent):  0.85 0.15 ; Trained episode: 317
Episode:  459 controlled agent:  1 ; Episode Return:  -1068.8183258569804 ; win rate(controlled & opponent):  0.85 0.15 ; Trained episode: 317
Episode:  460 controlled agent:  1 ; Episode Return:  -1126.7766952966376 ; win rate(controlled & opponent):  0.85 0.15 ; Trained episode: 318
